2025-06-10 01:02:16,301 - model_training - DEBUG - Loading features from data\processed\train_features.csv
2025-06-10 01:02:16,302 - model_training - DEBUG - Loading labels from data\processed\train_labels.csv
2025-06-10 01:02:16,306 - model_training - ERROR - File not found: [Errno 2] No such file or directory: 'data\\processed\\train_features.csv'
2025-06-10 01:08:32,159 - model_training - DEBUG - Loading features from data\processed\train_features.csv
2025-06-10 01:08:32,160 - model_training - DEBUG - Loading labels from data\processed\train_labels.csv
2025-06-10 01:08:32,165 - model_training - ERROR - File not found: [Errno 2] No such file or directory: 'data\\processed\\train_features.csv'
2025-06-10 01:10:41,198 - model_training - DEBUG - Loading features from C:\personal projects\Tata-Steel-Predictive-Maintenance-XGBoost\data\processed\train_features.csv
2025-06-10 01:10:41,200 - model_training - DEBUG - Loading labels from C:\personal projects\Tata-Steel-Predictive-Maintenance-XGBoost\data\processed\train_labels.csv
2025-06-10 01:10:41,204 - model_training - ERROR - File not found: [Errno 2] No such file or directory: 'C:\\personal projects\\Tata-Steel-Predictive-Maintenance-XGBoost\\data\\processed\\train_features.csv'
2025-06-10 01:11:30,793 - model_training - DEBUG - Loading features from C:\personal projects\Tata-Steel-Predictive-Maintenance-XGBoost\data\processed\train_features.csv
2025-06-10 01:11:30,793 - model_training - DEBUG - Loading labels from C:\personal projects\Tata-Steel-Predictive-Maintenance-XGBoost\data\processed\train_labels.csv
2025-06-10 01:11:30,796 - model_training - ERROR - File not found: [Errno 2] No such file or directory: 'C:\\personal projects\\Tata-Steel-Predictive-Maintenance-XGBoost\\data\\processed\\train_features.csv'
2025-06-10 01:12:21,065 - model_training - DEBUG - Loading features from C:\personal projects\Tata-Steel-Predictive-Maintenance-XGBoost\data\processed\train_features.csv
2025-06-10 01:12:21,065 - model_training - DEBUG - Loading labels from C:\personal projects\Tata-Steel-Predictive-Maintenance-XGBoost\data\processed\train_labels.csv
2025-06-10 01:12:21,066 - model_training - ERROR - File not found: [Errno 2] No such file or directory: 'C:\\personal projects\\Tata-Steel-Predictive-Maintenance-XGBoost\\data\\processed\\train_features.csv'
2025-06-10 01:14:27,409 - model_training - DEBUG - Loading features from C:\personal projects\Tata-Steel-Predictive-Maintenance-XGBoost\data\processed\train_features.csv
2025-06-10 01:14:27,409 - model_training - DEBUG - Loading labels from C:\personal projects\Tata-Steel-Predictive-Maintenance-XGBoost\data\processed\train_labels.csv
2025-06-10 01:14:27,411 - model_training - ERROR - File not found: [Errno 2] No such file or directory: 'C:\\personal projects\\Tata-Steel-Predictive-Maintenance-XGBoost\\data\\processed\\train_features.csv'
2025-06-10 01:16:06,790 - model_training - DEBUG - Loading features from C:\personal projects\Tata-Steel-Predictive-Maintenance-XGBoost\data\processed\train_features.csv
2025-06-10 01:16:06,792 - model_training - DEBUG - Loading labels from C:\personal projects\Tata-Steel-Predictive-Maintenance-XGBoost\data\processed\train_labels.csv
2025-06-10 01:16:06,796 - model_training - ERROR - File not found: [Errno 2] No such file or directory: 'C:\\personal projects\\Tata-Steel-Predictive-Maintenance-XGBoost\\data\\processed\\train_features.csv'
2025-06-10 01:19:24,042 - model_training - DEBUG - Loading features from: C:\personal projects\Tata-Steel-Predictive-Maintenance-XGBoost\data\processed\train_features.csv
2025-06-10 01:19:24,044 - model_training - DEBUG - Loading labels from: C:\personal projects\Tata-Steel-Predictive-Maintenance-XGBoost\data\processed\train_labels.csv
2025-06-10 01:28:34,958 - model_training - DEBUG - Feature path: C:\personal projects\Tata-Steel-Predictive-Maintenance-XGBoost\data\processed\train_processed.csv
2025-06-10 01:28:34,959 - model_training - DEBUG - Model path: models\xgb_model.pkl
2025-06-10 01:28:34,960 - model_training - DEBUG - Loading DataFrame from: C:\personal projects\Tata-Steel-Predictive-Maintenance-XGBoost\data\processed\train_processed.csv
2025-06-10 01:28:35,549 - model_training - DEBUG - Features shape: (40000, 14), Labels shape: (40000,)
2025-06-10 01:28:35,607 - model_training - DEBUG - Train shape: (32000, 14), Validation shape: (8000, 14)
2025-06-10 01:28:39,671 - model_training - DEBUG - XGBoost model training complete.
2025-06-10 01:28:39,687 - model_training - DEBUG - Validation Accuracy: 0.9985
2025-06-10 01:28:39,717 - model_training - DEBUG - Classification Report:
              precision    recall  f1-score   support

           0       1.00      1.00      1.00      2416
           1       1.00      1.00      1.00      5584

    accuracy                           1.00      8000
   macro avg       1.00      1.00      1.00      8000
weighted avg       1.00      1.00      1.00      8000

2025-06-10 01:28:39,731 - model_training - DEBUG - Model saved to: models\xgb_model.pkl
2025-06-10 02:00:22,853 - model_training - DEBUG - Feature path: C:\personal projects\Tata-Steel-Predictive-Maintenance-XGBoost\data\processed\dataset_processed.csv
2025-06-10 02:00:22,855 - model_training - DEBUG - Model path: models\xgb_model.pkl
2025-06-10 02:00:22,855 - model_training - DEBUG - Loading DataFrame from: C:\personal projects\Tata-Steel-Predictive-Maintenance-XGBoost\data\processed\dataset_processed.csv
2025-06-10 02:00:23,203 - model_training - DEBUG - Features shape: (50000, 14), Labels shape: (50000,)
2025-06-10 02:00:23,228 - model_training - DEBUG - Train shape: (40000, 14), Validation shape: (10000, 14)
2025-06-10 02:00:27,551 - model_training - DEBUG - XGBoost model training complete.
2025-06-10 02:00:27,577 - model_training - DEBUG - Validation Accuracy: 0.9998
2025-06-10 02:00:27,699 - model_training - DEBUG - Classification Report:
              precision    recall  f1-score   support

           0       1.00      1.00      1.00      2932
           1       1.00      1.00      1.00      7068

    accuracy                           1.00     10000
   macro avg       1.00      1.00      1.00     10000
weighted avg       1.00      1.00      1.00     10000

2025-06-10 02:00:27,760 - model_training - DEBUG - Model saved to: models\xgb_model.pkl
2025-06-10 02:02:02,178 - model_training - DEBUG - Feature path: C:\personal projects\Tata-Steel-Predictive-Maintenance-XGBoost\data\processed\dataset_processed.csv
2025-06-10 02:02:02,178 - model_training - DEBUG - Model path: models\xgb_model.pkl
2025-06-10 02:02:02,178 - model_training - DEBUG - Loading DataFrame from: C:\personal projects\Tata-Steel-Predictive-Maintenance-XGBoost\data\processed\dataset_processed.csv
2025-06-10 02:02:02,478 - model_training - DEBUG - Features shape: (50000, 14), Labels shape: (50000,)
2025-06-10 02:02:02,490 - model_training - DEBUG - Train shape: (35000, 14), Validation shape: (15000, 14)
2025-06-10 02:02:08,572 - model_training - DEBUG - XGBoost model training complete.
2025-06-10 02:02:08,603 - model_training - DEBUG - Validation Accuracy: 0.9997
2025-06-10 02:02:08,646 - model_training - DEBUG - Classification Report:
              precision    recall  f1-score   support

           0       1.00      1.00      1.00      4422
           1       1.00      1.00      1.00     10578

    accuracy                           1.00     15000
   macro avg       1.00      1.00      1.00     15000
weighted avg       1.00      1.00      1.00     15000

2025-06-10 02:02:08,659 - model_training - DEBUG - Model saved to: models\xgb_model.pkl
2025-06-10 02:08:52,389 - model_training - DEBUG - Feature path: C:\personal projects\Tata-Steel-Predictive-Maintenance-XGBoost\data\processed\dataset_processed.csv
2025-06-10 02:08:52,390 - model_training - DEBUG - Model path: models\xgb_model.pkl
2025-06-10 02:08:52,390 - model_training - DEBUG - Loading DataFrame from: C:\personal projects\Tata-Steel-Predictive-Maintenance-XGBoost\data\processed\dataset_processed.csv
2025-06-10 02:08:52,678 - model_training - DEBUG - Features shape: (50000, 13), Labels shape: (50000,)
2025-06-10 02:08:52,706 - model_training - DEBUG - Train shape: (35000, 13), Validation shape: (15000, 13)
2025-06-10 02:08:57,386 - model_training - DEBUG - XGBoost model training complete.
2025-06-10 02:08:57,456 - model_training - DEBUG - Validation Accuracy: 0.8459
2025-06-10 02:08:57,511 - model_training - DEBUG - Classification Report:
              precision    recall  f1-score   support

           0       0.77      0.67      0.72      4422
           1       0.87      0.92      0.89     10578

    accuracy                           0.85     15000
   macro avg       0.82      0.80      0.81     15000
weighted avg       0.84      0.85      0.84     15000

2025-06-10 02:08:57,525 - model_training - DEBUG - Model saved to: models\xgb_model.pkl
